[2026-02-26T22:32:37.443+0000] {manager.py:469} INFO - Processing files using up to 2 processes at a time 
[2026-02-26T22:32:37.443+0000] {manager.py:470} INFO - Process each file at most once every 30 seconds
[2026-02-26T22:32:37.445+0000] {manager.py:471} INFO - Checking for new files in /opt/airflow/dags every 300 seconds
[2026-02-26T22:32:37.446+0000] {manager.py:738} INFO - Searching for files in /opt/airflow/dags
[2026-02-26T22:32:37.448+0000] {manager.py:741} INFO - There are 0 files in /opt/airflow/dags
[2026-02-26T22:37:37.927+0000] {manager.py:738} INFO - Searching for files in /opt/airflow/dags
[2026-02-26T22:37:37.931+0000] {manager.py:741} INFO - There are 0 files in /opt/airflow/dags
[2026-02-26T22:42:49.364+0000] {manager.py:738} INFO - Searching for files in /opt/airflow/dags
[2026-02-26T22:42:49.370+0000] {manager.py:741} INFO - There are 0 files in /opt/airflow/dags
[2026-02-26T22:47:50.103+0000] {manager.py:738} INFO - Searching for files in /opt/airflow/dags
[2026-02-26T22:47:50.105+0000] {manager.py:741} INFO - There are 0 files in /opt/airflow/dags
[2026-02-26T22:52:51.074+0000] {manager.py:738} INFO - Searching for files in /opt/airflow/dags
[2026-02-26T22:52:51.076+0000] {manager.py:741} INFO - There are 0 files in /opt/airflow/dags
[2026-02-26T23:21:37.177+0000] {manager.py:738} INFO - Searching for files in /opt/airflow/dags
[2026-02-26T23:21:37.178+0000] {manager.py:741} INFO - There are 0 files in /opt/airflow/dags
[2026-02-26T23:26:37.953+0000] {manager.py:738} INFO - Searching for files in /opt/airflow/dags
[2026-02-26T23:26:37.956+0000] {manager.py:741} INFO - There are 0 files in /opt/airflow/dags
[2026-02-26T23:31:38.209+0000] {manager.py:738} INFO - Searching for files in /opt/airflow/dags
[2026-02-26T23:31:38.212+0000] {manager.py:741} INFO - There are 0 files in /opt/airflow/dags
[2026-02-26T23:36:39.145+0000] {manager.py:738} INFO - Searching for files in /opt/airflow/dags
[2026-02-26T23:36:39.147+0000] {manager.py:741} INFO - There are 0 files in /opt/airflow/dags
[2026-02-26T23:41:39.335+0000] {manager.py:738} INFO - Searching for files in /opt/airflow/dags
[2026-02-26T23:41:39.338+0000] {manager.py:741} INFO - There are 0 files in /opt/airflow/dags
[2026-02-26T23:47:43.322+0000] {manager.py:738} INFO - Searching for files in /opt/airflow/dags
[2026-02-26T23:47:43.324+0000] {manager.py:741} INFO - There are 0 files in /opt/airflow/dags
[2026-02-26T23:54:47.971+0000] {manager.py:738} INFO - Searching for files in /opt/airflow/dags
[2026-02-26T23:54:47.972+0000] {manager.py:741} INFO - There are 0 files in /opt/airflow/dags
[2026-02-27T00:55:56.514+0000] {manager.py:738} INFO - Searching for files in /opt/airflow/dags
[2026-02-27T00:55:56.522+0000] {manager.py:741} INFO - There are 0 files in /opt/airflow/dags
[2026-02-27T01:00:56.635+0000] {manager.py:738} INFO - Searching for files in /opt/airflow/dags
[2026-02-27T01:00:56.640+0000] {manager.py:741} INFO - There are 0 files in /opt/airflow/dags
[2026-02-27T01:06:28.577+0000] {manager.py:738} INFO - Searching for files in /opt/airflow/dags
[2026-02-27T01:06:28.580+0000] {manager.py:741} INFO - There are 0 files in /opt/airflow/dags
[2026-02-27T02:13:33.309+0000] {manager.py:738} INFO - Searching for files in /opt/airflow/dags
[2026-02-27T02:13:33.310+0000] {manager.py:741} INFO - There are 0 files in /opt/airflow/dags
[2026-02-27T03:30:14.351+0000] {manager.py:738} INFO - Searching for files in /opt/airflow/dags
[2026-02-27T03:30:14.353+0000] {manager.py:741} INFO - There are 0 files in /opt/airflow/dags
[2026-02-27T04:45:09.067+0000] {manager.py:738} INFO - Searching for files in /opt/airflow/dags
[2026-02-27T04:45:09.068+0000] {manager.py:741} INFO - There are 0 files in /opt/airflow/dags
[2026-02-27T05:05:22.045+0000] {manager.py:738} INFO - Searching for files in /opt/airflow/dags
[2026-02-27T05:05:22.048+0000] {manager.py:741} INFO - There are 0 files in /opt/airflow/dags
[2026-02-27T05:12:31.995+0000] {manager.py:738} INFO - Searching for files in /opt/airflow/dags
[2026-02-27T05:12:31.996+0000] {manager.py:741} INFO - There are 0 files in /opt/airflow/dags
[2026-02-27T06:05:25.751+0000] {manager.py:738} INFO - Searching for files in /opt/airflow/dags
[2026-02-27T06:05:25.754+0000] {manager.py:741} INFO - There are 0 files in /opt/airflow/dags
[2026-02-27T06:45:57.806+0000] {manager.py:738} INFO - Searching for files in /opt/airflow/dags
[2026-02-27T06:45:57.807+0000] {manager.py:741} INFO - There are 0 files in /opt/airflow/dags
[2026-02-27T07:37:17.714+0000] {manager.py:738} INFO - Searching for files in /opt/airflow/dags
[2026-02-27T07:37:17.715+0000] {manager.py:741} INFO - There are 0 files in /opt/airflow/dags
[2026-02-27T08:42:30.567+0000] {manager.py:738} INFO - Searching for files in /opt/airflow/dags
[2026-02-27T08:42:30.569+0000] {manager.py:741} INFO - There are 0 files in /opt/airflow/dags
[2026-02-27T09:49:29.070+0000] {manager.py:738} INFO - Searching for files in /opt/airflow/dags
[2026-02-27T09:49:29.071+0000] {manager.py:741} INFO - There are 0 files in /opt/airflow/dags
[2026-02-27T11:28:02.210+0000] {manager.py:738} INFO - Searching for files in /opt/airflow/dags
[2026-02-27T11:28:02.212+0000] {manager.py:741} INFO - There are 0 files in /opt/airflow/dags
[2026-02-27T12:49:18.746+0000] {manager.py:738} INFO - Searching for files in /opt/airflow/dags
[2026-02-27T12:49:18.747+0000] {manager.py:741} INFO - There are 0 files in /opt/airflow/dags
[2026-02-27T14:07:49.116+0000] {manager.py:738} INFO - Searching for files in /opt/airflow/dags
[2026-02-27T14:07:49.118+0000] {manager.py:741} INFO - There are 0 files in /opt/airflow/dags
[2026-02-27T14:46:50.202+0000] {manager.py:738} INFO - Searching for files in /opt/airflow/dags
[2026-02-27T14:46:50.205+0000] {manager.py:741} INFO - There are 0 files in /opt/airflow/dags
[2026-02-27T15:50:04.887+0000] {manager.py:738} INFO - Searching for files in /opt/airflow/dags
[2026-02-27T15:50:04.889+0000] {manager.py:741} INFO - There are 0 files in /opt/airflow/dags
[2026-02-27T17:05:59.765+0000] {manager.py:738} INFO - Searching for files in /opt/airflow/dags
[2026-02-27T17:05:59.767+0000] {manager.py:741} INFO - There are 0 files in /opt/airflow/dags
[2026-02-27T18:21:29.787+0000] {manager.py:738} INFO - Searching for files in /opt/airflow/dags
[2026-02-27T18:21:29.790+0000] {manager.py:741} INFO - There are 0 files in /opt/airflow/dags
[2026-02-27T19:06:06.684+0000] {manager.py:738} INFO - Searching for files in /opt/airflow/dags
[2026-02-27T19:06:06.685+0000] {manager.py:741} INFO - There are 0 files in /opt/airflow/dags
[2026-02-27T19:49:48.227+0000] {manager.py:738} INFO - Searching for files in /opt/airflow/dags
[2026-02-27T19:49:48.229+0000] {manager.py:741} INFO - There are 0 files in /opt/airflow/dags
[2026-02-27T20:05:20.769+0000] {manager.py:738} INFO - Searching for files in /opt/airflow/dags
[2026-02-27T20:05:20.771+0000] {manager.py:741} INFO - There are 0 files in /opt/airflow/dags
[2026-02-27T20:10:33.376+0000] {manager.py:738} INFO - Searching for files in /opt/airflow/dags
[2026-02-27T20:10:33.379+0000] {manager.py:741} INFO - There are 0 files in /opt/airflow/dags
[2026-02-27T20:15:45.006+0000] {manager.py:738} INFO - Searching for files in /opt/airflow/dags
[2026-02-27T20:15:45.008+0000] {manager.py:741} INFO - There are 0 files in /opt/airflow/dags
[2026-02-27T20:20:45.061+0000] {manager.py:738} INFO - Searching for files in /opt/airflow/dags
[2026-02-27T20:20:45.064+0000] {manager.py:741} INFO - There are 0 files in /opt/airflow/dags
[2026-02-27T20:25:45.801+0000] {manager.py:738} INFO - Searching for files in /opt/airflow/dags
[2026-02-27T20:25:45.805+0000] {manager.py:741} INFO - There are 0 files in /opt/airflow/dags
[2026-02-27T20:30:46.021+0000] {manager.py:738} INFO - Searching for files in /opt/airflow/dags
[2026-02-27T20:30:46.025+0000] {manager.py:741} INFO - There are 0 files in /opt/airflow/dags
[2026-02-28T01:18:56.136+0000] {manager.py:469} INFO - Processing files using up to 2 processes at a time 
[2026-02-28T01:18:56.136+0000] {manager.py:470} INFO - Process each file at most once every 30 seconds
[2026-02-28T01:18:56.136+0000] {manager.py:471} INFO - Checking for new files in /opt/airflow/dags every 300 seconds
[2026-02-28T01:18:56.136+0000] {manager.py:738} INFO - Searching for files in /opt/airflow/dags
[2026-02-28T01:18:56.137+0000] {manager.py:741} INFO - There are 0 files in /opt/airflow/dags
